<?xml version="1.0" encoding="UTF-8"?>
<!-- Generated by org.testng.reporters.JUnitReportReporter -->
<testsuite hostname="NACTS-081729" name="CompassAutomation.AutomationFramework.AppTest" tests="1" failures="0" timestamp="27 Apr 2016 15:47:46 GMT" time="0.001" errors="0">
  <testcase name="testApp" time="0.001" classname="CompassAutomation.AutomationFramework.AppTest"/>
</testsuite> <!-- CompassAutomation.AutomationFramework.AppTest -->
