<?xml version="1.0" encoding="UTF-8"?>
<!-- Generated by org.testng.reporters.JUnitReportReporter -->
<testsuite hostname="NACTS-081729" name="automationFramework.TestCases.SecurityTest" tests="1" failures="0" timestamp="10 Aug 2016 22:58:20 GMT" time="35.774" errors="0">
  <testcase name="clickJackTest" time="35.774" classname="automationFramework.TestCases.SecurityTest"/>
</testsuite> <!-- automationFramework.TestCases.SecurityTest -->
