<?xml version="1.0" encoding="UTF-8"?>
<!-- Generated by org.testng.reporters.JUnitReportReporter -->
<testsuite hostname="NACTS-081729" name="automationFramework.TestCases.SecurityTest" tests="6" failures="0" timestamp="11 Aug 2016 23:09:46 GMT" time="133.371" errors="0">
  <testcase name="sessionExpiresTest" time="17.303" classname="automationFramework.TestCases.SecurityTest"/>
  <testcase name="passwordMaskedTest" time="20.107" classname="automationFramework.TestCases.SecurityTest"/>
  <testcase name="clickJackTest" time="27.177" classname="automationFramework.TestCases.SecurityTest"/>
  <testcase name="accountLockoutTest" time="20.026" classname="automationFramework.TestCases.SecurityTest"/>
  <testcase name="passwordRequirementsTest" time="23.918" classname="automationFramework.TestCases.SecurityTest"/>
  <testcase name="creditCardDisplayTest" time="24.840" classname="automationFramework.TestCases.SecurityTest"/>
</testsuite> <!-- automationFramework.TestCases.SecurityTest -->
