<?xml version="1.0" encoding="UTF-8"?>
<!-- Generated by org.testng.reporters.JUnitReportReporter -->
<testsuite hostname="NACTS-081729" name="automationFramework.TestCases.SecurityTest" tests="6" failures="0" timestamp="12 Aug 2016 21:48:58 GMT" time="136.082" errors="0">
  <testcase name="passwordRequirementsTest" time="23.209" classname="automationFramework.TestCases.SecurityTest"/>
  <testcase name="passwordMaskedTest" time="22.025" classname="automationFramework.TestCases.SecurityTest"/>
  <testcase name="clickJackTest" time="30.745" classname="automationFramework.TestCases.SecurityTest"/>
  <testcase name="accountLockoutTest" time="18.754" classname="automationFramework.TestCases.SecurityTest"/>
  <testcase name="creditCardDisplayTest" time="22.485" classname="automationFramework.TestCases.SecurityTest"/>
  <testcase name="sessionExpiresTest" time="18.864" classname="automationFramework.TestCases.SecurityTest"/>
</testsuite> <!-- automationFramework.TestCases.SecurityTest -->
