<?xml version="1.0" encoding="UTF-8"?>
<!-- Generated by org.testng.reporters.JUnitReportReporter -->
<testsuite hostname="NACTS-081729" name="automationFramework.TestCases.OrderCardTest" tests="3" failures="0" timestamp="10 Aug 2016 15:15:25 GMT" time="94.438" errors="0">
  <testcase name="contactTest" time="16.388" classname="automationFramework.TestCases.OrderCardTest"/>
  <testcase name="signInTest" time="21.719" classname="automationFramework.TestCases.OrderCardTest"/>
  <testcase name="orderCardTest" time="56.331" classname="automationFramework.TestCases.OrderCardTest"/>
</testsuite> <!-- automationFramework.TestCases.OrderCardTest -->
