<?xml version="1.0" encoding="UTF-8"?>
<!-- Generated by org.testng.reporters.JUnitReportReporter -->
<testsuite hostname="NACTS-081729" name="automationFramework.TestCases.SecurityTest2" tests="1" failures="0" timestamp="12 Aug 2016 21:48:58 GMT" time="12.551" errors="0">
  <testcase name="sessionExpiresTest" time="12.551" classname="automationFramework.TestCases.SecurityTest2"/>
</testsuite> <!-- automationFramework.TestCases.SecurityTest2 -->
