<?xml version="1.0" encoding="UTF-8"?>
<!-- Generated by org.testng.reporters.JUnitReportReporter -->
<testsuite hostname="NACTS-081729" name="automationFramework.TestCases.SecurityTest" tests="6" failures="0" timestamp="12 Aug 2016 15:31:34 GMT" time="167.641" errors="0">
  <testcase name="sessionExpiresTest" time="19.280" classname="automationFramework.TestCases.SecurityTest"/>
  <testcase name="creditCardDisplayTest" time="26.573" classname="automationFramework.TestCases.SecurityTest"/>
  <testcase name="passwordRequirementsTest" time="28.883" classname="automationFramework.TestCases.SecurityTest"/>
  <testcase name="accountLockoutTest" time="40.170" classname="automationFramework.TestCases.SecurityTest"/>
  <testcase name="clickJackTest" time="30.655" classname="automationFramework.TestCases.SecurityTest"/>
  <testcase name="passwordMaskedTest" time="22.080" classname="automationFramework.TestCases.SecurityTest"/>
</testsuite> <!-- automationFramework.TestCases.SecurityTest -->
